INFO:stomp.py:established connection to host publicdatafeeds.networkrail.co.uk, port 61618
INFO:root:Connected
INFO:root:Scubscribed
INFO:stomp.py:established connection to host publicdatafeeds.networkrail.co.uk, port 61618
INFO:root:Connected
INFO:root:Scubscribed
INFO:stomp.py:established connection to host publicdatafeeds.networkrail.co.uk, port 61618
INFO:root:Connected
INFO:root:Subscribed
INFO:stomp.py:established connection to host publicdatafeeds.networkrail.co.uk, port 61618
INFO:root:Connected
INFO:root:Subscribed
WARNING:root:Disconnected from Network Rail feed
INFO:stomp.py:established connection to host publicdatafeeds.networkrail.co.uk, port 61618
INFO:root:Connected
INFO:root:Subscribed
INFO:stomp.py:established connection to host publicdatafeeds.networkrail.co.uk, port 61618
INFO:root:Connected
INFO:root:Subscribed
INFO:stomp.py:established connection to host publicdatafeeds.networkrail.co.uk, port 61618
INFO:root:Connected
INFO:root:Subscribed
ERROR:root:NetworkRailConnection.__init__() missing 1 required positional argument: 'durable'
Traceback (most recent call last):
  File "/home/martyn/Source/RailMonitor/SClassProducer/sclassproducer.py", line 19, in run
    connection = NetworkRailConnection(feed_username, feed_password)
                 ^^^^^^^^^^^^^^^^^^^^^^^^^^^^^^^^^^^^^^^^^^^^^^^^^^^
TypeError: NetworkRailConnection.__init__() missing 1 required positional argument: 'durable'
ERROR:root:'NetworkRailConnection' object has no attribute 'set_listener'
Traceback (most recent call last):
  File "/home/martyn/Source/RailMonitor/SClassProducer/./sclassproducer.py", line 22, in run
    connection.set_listener(listener)
    ^^^^^^^^^^^^^^^^^^^^^^^
AttributeError: 'NetworkRailConnection' object has no attribute 'set_listener'
INFO:stomp.py:established connection to host publicdatafeeds.networkrail.co.uk, port 61618
INFO:root:Connected
ERROR:root:'bool' object is not callable
Traceback (most recent call last):
  File "/home/martyn/Source/RailMonitor/SClassProducer/./sclassproducer.py", line 24, in run
    connection.subscribe("/topic/TD_ALL_SIG_AREA", listener)
  File "/home/martyn/Source/RailMonitor/SClassProducer/NetworkRailConnection.py", line 30, in subscribe
    "ack" : "client-individual" if self._durable() else "auto"
                                   ^^^^^^^^^^^^^^^
TypeError: 'bool' object is not callable
INFO:stomp.py:established connection to host publicdatafeeds.networkrail.co.uk, port 61618
INFO:root:Connected
ERROR:root:'bool' object is not callable
Traceback (most recent call last):
  File "/home/martyn/Source/RailMonitor/SClassProducer/./sclassproducer.py", line 24, in run
    connection.subscribe("/topic/TD_ALL_SIG_AREA", listener)
  File "/home/martyn/Source/RailMonitor/SClassProducer/NetworkRailConnection.py", line 30, in subscribe
    "ack" : "client-individual" if self._durable() else "auto"
                                   ^^^^^^^^^^^^^^^
TypeError: 'bool' object is not callable
INFO:stomp.py:established connection to host publicdatafeeds.networkrail.co.uk, port 61618
INFO:root:Connected
INFO:stomp.py:established connection to host publicdatafeeds.networkrail.co.uk, port 61618
INFO:root:Connected
INFO:stomp.py:established connection to host publicdatafeeds.networkrail.co.uk, port 61618
INFO:root:Connected
INFO:stomp.py:established connection to host publicdatafeeds.networkrail.co.uk, port 61618
INFO:root:Connected
INFO:stomp.py:established connection to host publicdatafeeds.networkrail.co.uk, port 61618
INFO:root:Connected
INFO:stomp.py:established connection to host publicdatafeeds.networkrail.co.uk, port 61618
INFO:root:Connected
INFO:stomp.py:established connection to host publicdatafeeds.networkrail.co.uk, port 61618
INFO:root:Connected
INFO:stomp.py:established connection to host publicdatafeeds.networkrail.co.uk, port 61618
INFO:root:Connected
INFO:stomp.py:established connection to host publicdatafeeds.networkrail.co.uk, port 61618
INFO:root:Connected
INFO:root:Subscribed to topic /topic/TD_ALL_SIG_AREA
INFO:root:Subscribed to topic /topic/TRAIN_MVT_ALL_TOC
INFO:stomp.py:established connection to host publicdatafeeds.networkrail.co.uk, port 61618
INFO:root:Connected
INFO:root:Subscribed to topic /topic/TD_ALL_SIG_AREA
INFO:root:Subscribed to topic /topic/TRAIN_MVT_ALL_TOC
INFO:stomp.py:established connection to host publicdatafeeds.networkrail.co.uk, port 61618
INFO:root:Connected
INFO:root:Subscribed to topic /topic/TD_ALL_SIG_AREA
INFO:root:Subscribed to topic /topic/TRAIN_MVT_ALL_TOC
INFO:stomp.py:established connection to host publicdatafeeds.networkrail.co.uk, port 61618
INFO:root:Connected
INFO:root:Subscribed to topic /topic/TD_ALL_SIG_AREA
INFO:root:Subscribed to topic /topic/TRAIN_MVT_ALL_TOC
